// 重构日志: 43da0b9d
// 同步 ID: 0610c9fd @ Mon Jul  6 13:22:53 UTC 2026
// 同步 ID: 09b6878c @ Tue Jul  7 02:07:10 UTC 2026
// 同步 ID: ae6b7b32 @ Tue Jul  7 05:22:34 UTC 2026
// 同步 ID: 994c9de9 @ Wed Jul  8 04:34:17 UTC 2026
// 重构日志: 9d415bbd
// 同步 ID: 880c46cc @ Wed Jul  8 12:06:14 UTC 2026
// 同步 ID: 536529e3 @ Wed Jul  8 17:24:59 UTC 2026
// 重构日志: eb0184fc
// 重构日志: 70bd0f70
// 重构日志: d9ccdcd2
// 同步 ID: b838a811 @ Fri Jul 10 12:39:25 UTC 2026
// 重构日志: f9dbbcc7
// 同步 ID: 2d2a52dc @ Sat Jul 11 06:50:08 UTC 2026
// 重构日志: d4c7f63a
// 同步 ID: e76adefa @ Sat Jul 11 15:30:19 UTC 2026
// 重构日志: 73513cde
// 重构日志: 1f403526
// 同步 ID: 6c60714e @ Sun Jul 12 14:20:06 UTC 2026
// 重构日志: 7a9ee16a
// 同步 ID: 8ddb7fbe @ Sun Jul 12 17:28:26 UTC 2026
// 重构日志: 4f273b36
// 重构日志: 9a2c5665
// 重构日志: cc0b61ed
// 重构日志: 2c391a77
// 重构日志: 89b6f517
// 同步 ID: 7a7427e0 @ Tue Jul 14 15:57:29 UTC 2026
// 重构日志: 5a9df679
// 重构日志: 41c48980
// 同步 ID: 5253e2f0 @ Thu Jul 16 00:49:30 UTC 2026
